{"timestamp":"2026-02-08T00:09:28.849Z","contract":"Inbox","address":"0x47f90ce826023040d1c72a0218fbe8cb01109e03","chainId":11155111,"network":"sepolia"}
{"timestamp":"2026-02-08T00:13:12.878Z","contract":"Inbox","address":"0x2492f5af3472aa8e5b62489d64d3cbbdfad8ebc5","chainId":7082400,"network":"cotiTestnet"}
{"timestamp":"2026-02-08T00:13:12.883Z","contract":"MpcExecutor","address":"0xfc333d405b2f6a3a2987b651763d02e065d0eaa5","chainId":7082400,"network":"cotiTestnet"}
{"timestamp":"2026-02-08T00:20:17.780Z","contract":"Adder","address":"0x566988eedfee750830f01ee44dcc964f03f783cb","chainId":11155111,"network":"sepolia"}
{"timestamp":"2026-02-08T00:20:51.203Z","contract":"PErc20","address":"0x17c235056b038377643c0617a03f8220d35bcb5c","chainId":11155111,"network":"sepolia"}
{"timestamp":"2026-02-08T00:20:51.988Z","contract":"MpcAdder","address":"0x306464523c577fa7922ed63630cdee88253b767f","chainId":11155111,"network":"sepolia"}
{"timestamp":"2026-02-08T14:15:17.733Z","contract":"Inbox","address":"0x4b40b43d89e7a2e2903fe696a12085b0b56cdee3","chainId":11155111,"network":"sepolia"}
{"timestamp":"2026-02-08T14:15:31.820Z","contract":"Inbox","address":"0x48dad16885df102541c94bb5b2cdc6c0a903b02a","chainId":7082400,"network":"cotiTestnet"}
{"timestamp":"2026-02-08T14:15:31.824Z","contract":"MpcExecutor","address":"0x56bf2c8e1b81fd481dfa0cd3448aa5faee5fa13d","chainId":7082400,"network":"cotiTestnet"}
{"timestamp":"2026-02-08T14:15:38.082Z","contract":"Adder","address":"0xebcc038d3ddd084da1eafc011030d83ca329bf66","chainId":11155111,"network":"sepolia"}
{"timestamp":"2026-02-08T14:15:53.119Z","contract":"MpcAdder","address":"0x6b77605eab52a53ba84146e0f55504707ec986c9","chainId":11155111,"network":"sepolia"}
{"timestamp":"2026-02-08T14:16:06.468Z","contract":"PErc20","address":"0x89cf0262814daa835243a79c8af426f69a3d6033","chainId":11155111,"network":"sepolia"}
{"timestamp":"2026-02-08T14:16:11.222Z","contract":"PErc20Coti","address":"0xd0eb766ae0cb7767979bacd2b6fc5f670bec75ff","chainId":7082400,"network":"cotiTestnet"}
{"timestamp":"2026-02-08T15:46:50.741Z","contract":"Inbox","address":"0x3984925e3153f6dca8bb3a883c73a65669321f7e","chainId":11155111,"network":"sepolia"}
{"timestamp":"2026-02-08T15:47:00.668Z","contract":"Inbox","address":"0x6c265d94afae4c6c17c50e395e56d627ac56464d","chainId":7082400,"network":"cotiTestnet"}
{"timestamp":"2026-02-08T15:47:00.669Z","contract":"MpcExecutor","address":"0x79e43c0bd11d28c664c3914f439b231562ce77ec","chainId":7082400,"network":"cotiTestnet"}
{"timestamp":"2026-02-08T15:47:15.890Z","contract":"Adder","address":"0xbcd9be7c38ccaa5d9509517220a5d98d27a5285c","chainId":11155111,"network":"sepolia"}
{"timestamp":"2026-02-08T15:47:26.552Z","contract":"MpcAdder","address":"0xdd778aa30ab2006c409058640bb520558a109acb","chainId":11155111,"network":"sepolia"}
{"timestamp":"2026-02-08T15:47:41.386Z","contract":"PErc20","address":"0x6c88e8acf28a83bbc34fef63fdef21aac33cbe49","chainId":11155111,"network":"sepolia"}
{"timestamp":"2026-02-08T15:47:46.687Z","contract":"PErc20Coti","address":"0x68c2c8fe7a9261b10f793e568ad043f38a8ca86f","chainId":7082400,"network":"cotiTestnet"}
